{"total": {"lines":{"total":1973,"covered":1773,"skipped":0,"pct":89.86},"statements":{"total":1973,"covered":1773,"skipped":0,"pct":89.86},"functions":{"total":109,"covered":33,"skipped":0,"pct":30.27},"branches":{"total":123,"covered":91,"skipped":0,"pct":73.98},"branchesTrue":{"total":0,"covered":0,"skipped":0,"pct":100}}
,"/Users/tomhuang/prog/LocalAutomationApp/frontend/src/App.tsx": {"lines":{"total":159,"covered":151,"skipped":0,"pct":94.96},"functions":{"total":8,"covered":2,"skipped":0,"pct":25},"statements":{"total":159,"covered":151,"skipped":0,"pct":94.96},"branches":{"total":9,"covered":7,"skipped":0,"pct":77.77}}
,"/Users/tomhuang/prog/LocalAutomationApp/frontend/src/components/DebugPanel.tsx": {"lines":{"total":171,"covered":168,"skipped":0,"pct":98.24},"functions":{"total":10,"covered":3,"skipped":0,"pct":30},"statements":{"total":171,"covered":168,"skipped":0,"pct":98.24},"branches":{"total":21,"covered":18,"skipped":0,"pct":85.71}}
,"/Users/tomhuang/prog/LocalAutomationApp/frontend/src/components/ErrorBoundary.tsx": {"lines":{"total":29,"covered":29,"skipped":0,"pct":100},"functions":{"total":4,"covered":4,"skipped":0,"pct":100},"statements":{"total":29,"covered":29,"skipped":0,"pct":100},"branches":{"total":6,"covered":5,"skipped":0,"pct":83.33}}
,"/Users/tomhuang/prog/LocalAutomationApp/frontend/src/components/Section.tsx": {"lines":{"total":12,"covered":12,"skipped":0,"pct":100},"functions":{"total":1,"covered":1,"skipped":0,"pct":100},"statements":{"total":12,"covered":12,"skipped":0,"pct":100},"branches":{"total":1,"covered":1,"skipped":0,"pct":100}}
,"/Users/tomhuang/prog/LocalAutomationApp/frontend/src/hooks/useWebSocket.ts": {"lines":{"total":56,"covered":38,"skipped":0,"pct":67.85},"functions":{"total":5,"covered":4,"skipped":0,"pct":80},"statements":{"total":56,"covered":38,"skipped":0,"pct":67.85},"branches":{"total":9,"covered":6,"skipped":0,"pct":66.66}}
,"/Users/tomhuang/prog/LocalAutomationApp/frontend/src/pages/A11y.tsx": {"lines":{"total":70,"covered":55,"skipped":0,"pct":78.57},"functions":{"total":4,"covered":1,"skipped":0,"pct":25},"statements":{"total":70,"covered":55,"skipped":0,"pct":78.57},"branches":{"total":5,"covered":2,"skipped":0,"pct":40}}
,"/Users/tomhuang/prog/LocalAutomationApp/frontend/src/pages/Auth.tsx": {"lines":{"total":132,"covered":120,"skipped":0,"pct":90.9},"functions":{"total":5,"covered":1,"skipped":0,"pct":20},"statements":{"total":132,"covered":120,"skipped":0,"pct":90.9},"branches":{"total":1,"covered":1,"skipped":0,"pct":100}}
,"/Users/tomhuang/prog/LocalAutomationApp/frontend/src/pages/Components.tsx": {"lines":{"total":129,"covered":119,"skipped":0,"pct":92.24},"functions":{"total":8,"covered":1,"skipped":0,"pct":12.5},"statements":{"total":129,"covered":119,"skipped":0,"pct":92.24},"branches":{"total":8,"covered":5,"skipped":0,"pct":62.5}}
,"/Users/tomhuang/prog/LocalAutomationApp/frontend/src/pages/Dynamic.tsx": {"lines":{"total":189,"covered":145,"skipped":0,"pct":76.71},"functions":{"total":9,"covered":2,"skipped":0,"pct":22.22},"statements":{"total":189,"covered":145,"skipped":0,"pct":76.71},"branches":{"total":6,"covered":5,"skipped":0,"pct":83.33}}
,"/Users/tomhuang/prog/LocalAutomationApp/frontend/src/pages/Errors.tsx": {"lines":{"total":85,"covered":81,"skipped":0,"pct":95.29},"functions":{"total":2,"covered":1,"skipped":0,"pct":50},"statements":{"total":85,"covered":81,"skipped":0,"pct":95.29},"branches":{"total":3,"covered":2,"skipped":0,"pct":66.66}}
,"/Users/tomhuang/prog/LocalAutomationApp/frontend/src/pages/Experiments.tsx": {"lines":{"total":44,"covered":44,"skipped":0,"pct":100},"functions":{"total":4,"covered":1,"skipped":0,"pct":25},"statements":{"total":44,"covered":44,"skipped":0,"pct":100},"branches":{"total":2,"covered":1,"skipped":0,"pct":50}}
,"/Users/tomhuang/prog/LocalAutomationApp/frontend/src/pages/Files.tsx": {"lines":{"total":111,"covered":88,"skipped":0,"pct":79.27},"functions":{"total":7,"covered":1,"skipped":0,"pct":14.28},"statements":{"total":111,"covered":88,"skipped":0,"pct":79.27},"branches":{"total":1,"covered":1,"skipped":0,"pct":100}}
,"/Users/tomhuang/prog/LocalAutomationApp/frontend/src/pages/Forms.tsx": {"lines":{"total":156,"covered":149,"skipped":0,"pct":95.51},"functions":{"total":6,"covered":1,"skipped":0,"pct":16.66},"statements":{"total":156,"covered":149,"skipped":0,"pct":95.51},"branches":{"total":5,"covered":3,"skipped":0,"pct":60}}
,"/Users/tomhuang/prog/LocalAutomationApp/frontend/src/pages/Home.tsx": {"lines":{"total":66,"covered":58,"skipped":0,"pct":87.87},"functions":{"total":1,"covered":1,"skipped":0,"pct":100},"statements":{"total":66,"covered":58,"skipped":0,"pct":87.87},"branches":{"total":3,"covered":2,"skipped":0,"pct":66.66}}
,"/Users/tomhuang/prog/LocalAutomationApp/frontend/src/pages/I18n.tsx": {"lines":{"total":56,"covered":56,"skipped":0,"pct":100},"functions":{"total":3,"covered":1,"skipped":0,"pct":33.33},"statements":{"total":56,"covered":56,"skipped":0,"pct":100},"branches":{"total":6,"covered":4,"skipped":0,"pct":66.66}}
,"/Users/tomhuang/prog/LocalAutomationApp/frontend/src/pages/Integrations.tsx": {"lines":{"total":49,"covered":47,"skipped":0,"pct":95.91},"functions":{"total":2,"covered":1,"skipped":0,"pct":50},"statements":{"total":49,"covered":47,"skipped":0,"pct":95.91},"branches":{"total":2,"covered":2,"skipped":0,"pct":100}}
,"/Users/tomhuang/prog/LocalAutomationApp/frontend/src/pages/Mobile.tsx": {"lines":{"total":107,"covered":84,"skipped":0,"pct":78.5},"functions":{"total":8,"covered":2,"skipped":0,"pct":25},"statements":{"total":107,"covered":84,"skipped":0,"pct":78.5},"branches":{"total":5,"covered":3,"skipped":0,"pct":60}}
,"/Users/tomhuang/prog/LocalAutomationApp/frontend/src/pages/Performance.tsx": {"lines":{"total":85,"covered":80,"skipped":0,"pct":94.11},"functions":{"total":3,"covered":2,"skipped":0,"pct":66.66},"statements":{"total":85,"covered":80,"skipped":0,"pct":94.11},"branches":{"total":6,"covered":6,"skipped":0,"pct":100}}
,"/Users/tomhuang/prog/LocalAutomationApp/frontend/src/pages/System.tsx": {"lines":{"total":85,"covered":81,"skipped":0,"pct":95.29},"functions":{"total":8,"covered":1,"skipped":0,"pct":12.5},"statements":{"total":85,"covered":81,"skipped":0,"pct":95.29},"branches":{"total":3,"covered":2,"skipped":0,"pct":66.66}}
,"/Users/tomhuang/prog/LocalAutomationApp/frontend/src/pages/Tables.tsx": {"lines":{"total":148,"covered":138,"skipped":0,"pct":93.24},"functions":{"total":9,"covered":1,"skipped":0,"pct":11.11},"statements":{"total":148,"covered":138,"skipped":0,"pct":93.24},"branches":{"total":5,"covered":5,"skipped":0,"pct":100}}
,"/Users/tomhuang/prog/LocalAutomationApp/frontend/src/utils/api.ts": {"lines":{"total":34,"covered":30,"skipped":0,"pct":88.23},"functions":{"total":2,"covered":1,"skipped":0,"pct":50},"statements":{"total":34,"covered":30,"skipped":0,"pct":88.23},"branches":{"total":16,"covered":10,"skipped":0,"pct":62.5}}
}
