{"/Users/tomhuang/prog/LocalAutomationApp/backend/src/index.ts": {"path":"/Users/tomhuang/prog/LocalAutomationApp/backend/src/index.ts","statementMap":{"0":{"start":{"line":10,"column":12},"end":{"line":10,"column":21}},"1":{"start":{"line":11,"column":15},"end":{"line":11,"column":32}},"2":{"start":{"line":12,"column":12},"end":{"line":12,"column":56}},"3":{"start":{"line":14,"column":11},"end":{"line":14,"column":43}},"4":{"start":{"line":15,"column":0},"end":{"line":18,"column":3}},"5":{"start":{"line":16,"column":2},"end":{"line":16,"column":78}},"6":{"start":{"line":17,"column":2},"end":{"line":17,"column":117}},"7":{"start":{"line":20,"column":0},"end":{"line":20,"column":62}},"8":{"start":{"line":21,"column":0},"end":{"line":21,"column":50}},"9":{"start":{"line":22,"column":0},"end":{"line":22,"column":24}},"10":{"start":{"line":23,"column":0},"end":{"line":32,"column":3}},"11":{"start":{"line":24,"column":16},"end":{"line":24,"column":26}},"12":{"start":{"line":25,"column":24},"end":{"line":25,"column":76}},"13":{"start":{"line":26,"column":2},"end":{"line":26,"column":51}},"14":{"start":{"line":27,"column":2},"end":{"line":30,"column":5}},"15":{"start":{"line":28,"column":21},"end":{"line":28,"column":39}},"16":{"start":{"line":29,"column":4},"end":{"line":29,"column":77}},"17":{"start":{"line":31,"column":2},"end":{"line":31,"column":9}},"18":{"start":{"line":34,"column":16},"end":{"line":34,"column":56}},"19":{"start":{"line":35,"column":0},"end":{"line":35,"column":36}},"20":{"start":{"line":37,"column":0},"end":{"line":39,"column":3}},"21":{"start":{"line":38,"column":2},"end":{"line":38,"column":29}},"22":{"start":{"line":41,"column":0},"end":{"line":48,"column":3}},"23":{"start":{"line":42,"column":2},"end":{"line":47,"column":5}},"24":{"start":{"line":50,"column":0},"end":{"line":52,"column":3}},"25":{"start":{"line":51,"column":2},"end":{"line":51,"column":40}},"26":{"start":{"line":54,"column":0},"end":{"line":54,"column":39}},"27":{"start":{"line":56,"column":17},"end":{"line":56,"column":68}},"28":{"start":{"line":57,"column":20},"end":{"line":57,"column":21}},"29":{"start":{"line":58,"column":19},"end":{"line":58,"column":78}},"30":{"start":{"line":59,"column":23},"end":{"line":59,"column":88}},"31":{"start":{"line":61,"column":0},"end":{"line":63,"column":3}},"32":{"start":{"line":62,"column":2},"end":{"line":62,"column":102}},"33":{"start":{"line":65,"column":0},"end":{"line":67,"column":3}},"34":{"start":{"line":66,"column":2},"end":{"line":66,"column":56}},"35":{"start":{"line":69,"column":0},"end":{"line":71,"column":3}},"36":{"start":{"line":70,"column":2},"end":{"line":70,"column":77}},"37":{"start":{"line":73,"column":0},"end":{"line":75,"column":3}},"38":{"start":{"line":74,"column":2},"end":{"line":74,"column":25}},"39":{"start":{"line":77,"column":0},"end":{"line":79,"column":3}},"40":{"start":{"line":78,"column":2},"end":{"line":78,"column":31}},"41":{"start":{"line":81,"column":0},"end":{"line":83,"column":3}},"42":{"start":{"line":82,"column":2},"end":{"line":82,"column":32}},"43":{"start":{"line":85,"column":0},"end":{"line":87,"column":3}},"44":{"start":{"line":86,"column":2},"end":{"line":86,"column":81}},"45":{"start":{"line":89,"column":0},"end":{"line":91,"column":3}},"46":{"start":{"line":90,"column":2},"end":{"line":90,"column":103}},"47":{"start":{"line":93,"column":0},"end":{"line":98,"column":3}},"48":{"start":{"line":94,"column":2},"end":{"line":96,"column":3}},"49":{"start":{"line":95,"column":4},"end":{"line":95,"column":93}},"50":{"start":{"line":97,"column":2},"end":{"line":97,"column":44}},"51":{"start":{"line":100,"column":0},"end":{"line":102,"column":3}},"52":{"start":{"line":101,"column":2},"end":{"line":101,"column":62}},"53":{"start":{"line":104,"column":0},"end":{"line":106,"column":3}},"54":{"start":{"line":105,"column":2},"end":{"line":105,"column":30}},"55":{"start":{"line":108,"column":0},"end":{"line":110,"column":3}},"56":{"start":{"line":109,"column":2},"end":{"line":109,"column":98}},"57":{"start":{"line":112,"column":0},"end":{"line":114,"column":3}},"58":{"start":{"line":113,"column":2},"end":{"line":113,"column":56}},"59":{"start":{"line":116,"column":0},"end":{"line":118,"column":3}},"60":{"start":{"line":117,"column":2},"end":{"line":117,"column":77}},"61":{"start":{"line":120,"column":0},"end":{"line":122,"column":3}},"62":{"start":{"line":121,"column":2},"end":{"line":121,"column":104}},"63":{"start":{"line":121,"column":61},"end":{"line":121,"column":74}},"64":{"start":{"line":124,"column":0},"end":{"line":126,"column":3}},"65":{"start":{"line":125,"column":2},"end":{"line":125,"column":57}},"66":{"start":{"line":128,"column":0},"end":{"line":134,"column":3}},"67":{"start":{"line":129,"column":16},"end":{"line":129,"column":49}},"68":{"start":{"line":130,"column":16},"end":{"line":130,"column":73}},"69":{"start":{"line":131,"column":2},"end":{"line":133,"column":12}},"70":{"start":{"line":132,"column":4},"end":{"line":132,"column":69}},"71":{"start":{"line":136,"column":0},"end":{"line":146,"column":3}},"72":{"start":{"line":137,"column":14},"end":{"line":137,"column":48}},"73":{"start":{"line":138,"column":14},"end":{"line":138,"column":24}},"74":{"start":{"line":139,"column":17},"end":{"line":139,"column":36}},"75":{"start":{"line":140,"column":2},"end":{"line":142,"column":3}},"76":{"start":{"line":141,"column":4},"end":{"line":141,"column":98}},"77":{"start":{"line":143,"column":19},"end":{"line":143,"column":57}},"78":{"start":{"line":144,"column":2},"end":{"line":144,"column":52}},"79":{"start":{"line":145,"column":2},"end":{"line":145,"column":55}},"80":{"start":{"line":148,"column":0},"end":{"line":164,"column":3}},"81":{"start":{"line":149,"column":17},"end":{"line":149,"column":50}},"82":{"start":{"line":150,"column":15},"end":{"line":150,"column":45}},"83":{"start":{"line":151,"column":16},"end":{"line":151,"column":48}},"84":{"start":{"line":152,"column":15},"end":{"line":156,"column":5}},"85":{"start":{"line":152,"column":61},"end":{"line":156,"column":4}},"86":{"start":{"line":157,"column":19},"end":{"line":157,"column":116}},"87":{"start":{"line":157,"column":66},"end":{"line":157,"column":115}},"88":{"start":{"line":158,"column":17},"end":{"line":162,"column":4}},"89":{"start":{"line":159,"column":22},"end":{"line":159,"column":47}},"90":{"start":{"line":160,"column":4},"end":{"line":160,"column":73}},"91":{"start":{"line":160,"column":25},"end":{"line":160,"column":73}},"92":{"start":{"line":161,"column":4},"end":{"line":161,"column":37}},"93":{"start":{"line":163,"column":2},"end":{"line":163,"column":52}},"94":{"start":{"line":166,"column":0},"end":{"line":168,"column":3}},"95":{"start":{"line":167,"column":2},"end":{"line":167,"column":77}},"96":{"start":{"line":170,"column":0},"end":{"line":172,"column":3}},"97":{"start":{"line":171,"column":2},"end":{"line":171,"column":55}},"98":{"start":{"line":174,"column":0},"end":{"line":176,"column":3}},"99":{"start":{"line":175,"column":2},"end":{"line":175,"column":104}},"100":{"start":{"line":178,"column":0},"end":{"line":181,"column":3}},"101":{"start":{"line":179,"column":15},"end":{"line":179,"column":52}},"102":{"start":{"line":180,"column":2},"end":{"line":180,"column":60}},"103":{"start":{"line":183,"column":0},"end":{"line":195,"column":3}},"104":{"start":{"line":184,"column":15},"end":{"line":184,"column":38}},"105":{"start":{"line":185,"column":16},"end":{"line":185,"column":64}},"106":{"start":{"line":186,"column":2},"end":{"line":188,"column":3}},"107":{"start":{"line":187,"column":4},"end":{"line":187,"column":65}},"108":{"start":{"line":189,"column":2},"end":{"line":194,"column":5}},"109":{"start":{"line":190,"column":4},"end":{"line":192,"column":5}},"110":{"start":{"line":191,"column":6},"end":{"line":191,"column":90}},"111":{"start":{"line":193,"column":4},"end":{"line":193,"column":49}},"112":{"start":{"line":197,"column":0},"end":{"line":203,"column":3}},"113":{"start":{"line":198,"column":15},"end":{"line":198,"column":41}},"114":{"start":{"line":199,"column":2},"end":{"line":201,"column":3}},"115":{"start":{"line":200,"column":4},"end":{"line":200,"column":92}},"116":{"start":{"line":202,"column":2},"end":{"line":202,"column":61}},"117":{"start":{"line":205,"column":0},"end":{"line":209,"column":3}},"118":{"start":{"line":206,"column":15},"end":{"line":206,"column":44}},"119":{"start":{"line":207,"column":18},"end":{"line":207,"column":49}},"120":{"start":{"line":208,"column":2},"end":{"line":208,"column":88}},"121":{"start":{"line":211,"column":0},"end":{"line":213,"column":3}},"122":{"start":{"line":212,"column":2},"end":{"line":212,"column":77}},"123":{"start":{"line":215,"column":0},"end":{"line":217,"column":3}},"124":{"start":{"line":216,"column":2},"end":{"line":216,"column":98}},"125":{"start":{"line":219,"column":0},"end":{"line":221,"column":3}},"126":{"start":{"line":220,"column":2},"end":{"line":220,"column":83}},"127":{"start":{"line":223,"column":0},"end":{"line":225,"column":3}},"128":{"start":{"line":224,"column":2},"end":{"line":224,"column":70}},"129":{"start":{"line":227,"column":0},"end":{"line":229,"column":3}},"130":{"start":{"line":228,"column":2},"end":{"line":228,"column":107}},"131":{"start":{"line":231,"column":0},"end":{"line":237,"column":3}},"132":{"start":{"line":232,"column":2},"end":{"line":232,"column":84}},"133":{"start":{"line":233,"column":2},"end":{"line":233,"column":53}},"134":{"start":{"line":234,"column":2},"end":{"line":234,"column":43}},"135":{"start":{"line":235,"column":2},"end":{"line":235,"column":65}},"136":{"start":{"line":236,"column":2},"end":{"line":236,"column":38}},"137":{"start":{"line":239,"column":0},"end":{"line":246,"column":3}},"138":{"start":{"line":240,"column":17},"end":{"line":240,"column":48}},"139":{"start":{"line":241,"column":18},"end":{"line":241,"column":40}},"140":{"start":{"line":242,"column":2},"end":{"line":244,"column":3}},"141":{"start":{"line":243,"column":4},"end":{"line":243,"column":98}},"142":{"start":{"line":245,"column":2},"end":{"line":245,"column":23}},"143":{"start":{"line":248,"column":0},"end":{"line":252,"column":3}},"144":{"start":{"line":249,"column":2},"end":{"line":249,"column":20}},"145":{"start":{"line":250,"column":2},"end":{"line":250,"column":89}},"146":{"start":{"line":251,"column":2},"end":{"line":251,"column":32}},"147":{"start":{"line":254,"column":0},"end":{"line":256,"column":3}},"148":{"start":{"line":255,"column":2},"end":{"line":255,"column":70}},"149":{"start":{"line":258,"column":0},"end":{"line":260,"column":3}},"150":{"start":{"line":259,"column":2},"end":{"line":259,"column":35}},"151":{"start":{"line":262,"column":0},"end":{"line":271,"column":3}},"152":{"start":{"line":263,"column":19},"end":{"line":263,"column":64}},"153":{"start":{"line":264,"column":21},"end":{"line":264,"column":60}},"154":{"start":{"line":265,"column":22},"end":{"line":265,"column":62}},"155":{"start":{"line":266,"column":18},"end":{"line":266,"column":94}},"156":{"start":{"line":267,"column":2},"end":{"line":267,"column":36}},"157":{"start":{"line":268,"column":2},"end":{"line":268,"column":35}},"158":{"start":{"line":269,"column":2},"end":{"line":269,"column":40}},"159":{"start":{"line":270,"column":2},"end":{"line":270,"column":86}},"160":{"start":{"line":273,"column":0},"end":{"line":278,"column":3}},"161":{"start":{"line":274,"column":19},"end":{"line":274,"column":64}},"162":{"start":{"line":275,"column":18},"end":{"line":275,"column":46}},"163":{"start":{"line":276,"column":19},"end":{"line":276,"column":76}},"164":{"start":{"line":277,"column":2},"end":{"line":277,"column":35}},"165":{"start":{"line":280,"column":0},"end":{"line":285,"column":3}},"166":{"start":{"line":281,"column":19},"end":{"line":281,"column":74}},"167":{"start":{"line":282,"column":2},"end":{"line":282,"column":47}},"168":{"start":{"line":283,"column":2},"end":{"line":283,"column":91}},"169":{"start":{"line":284,"column":2},"end":{"line":284,"column":58}},"170":{"start":{"line":287,"column":0},"end":{"line":292,"column":3}},"171":{"start":{"line":288,"column":2},"end":{"line":290,"column":3}},"172":{"start":{"line":289,"column":4},"end":{"line":289,"column":89}},"173":{"start":{"line":291,"column":2},"end":{"line":291,"column":25}},"174":{"start":{"line":294,"column":0},"end":{"line":299,"column":3}},"175":{"start":{"line":295,"column":14},"end":{"line":295,"column":43}},"176":{"start":{"line":296,"column":14},"end":{"line":296,"column":44}},"177":{"start":{"line":297,"column":16},"end":{"line":297,"column":65}},"178":{"start":{"line":298,"column":2},"end":{"line":298,"column":56}},"179":{"start":{"line":298,"column":19},"end":{"line":298,"column":47}},"180":{"start":{"line":301,"column":0},"end":{"line":303,"column":3}},"181":{"start":{"line":302,"column":2},"end":{"line":302,"column":47}},"182":{"start":{"line":305,"column":0},"end":{"line":318,"column":3}},"183":{"start":{"line":306,"column":2},"end":{"line":306,"column":53}},"184":{"start":{"line":307,"column":21},"end":{"line":307,"column":55}},"185":{"start":{"line":308,"column":19},"end":{"line":308,"column":47}},"186":{"start":{"line":309,"column":14},"end":{"line":309,"column":15}},"187":{"start":{"line":310,"column":19},"end":{"line":317,"column":16}},"188":{"start":{"line":311,"column":4},"end":{"line":311,"column":15}},"189":{"start":{"line":312,"column":4},"end":{"line":312,"column":44}},"190":{"start":{"line":313,"column":4},"end":{"line":316,"column":5}},"191":{"start":{"line":314,"column":6},"end":{"line":314,"column":30}},"192":{"start":{"line":315,"column":6},"end":{"line":315,"column":16}},"193":{"start":{"line":320,"column":0},"end":{"line":324,"column":3}},"194":{"start":{"line":321,"column":2},"end":{"line":321,"column":18}},"195":{"start":{"line":322,"column":2},"end":{"line":322,"column":48}},"196":{"start":{"line":323,"column":2},"end":{"line":323,"column":56}},"197":{"start":{"line":326,"column":0},"end":{"line":331,"column":3}},"198":{"start":{"line":327,"column":2},"end":{"line":327,"column":84}},"199":{"start":{"line":328,"column":2},"end":{"line":330,"column":4}},"200":{"start":{"line":333,"column":0},"end":{"line":364,"column":3}},"201":{"start":{"line":334,"column":2},"end":{"line":337,"column":3}},"202":{"start":{"line":335,"column":4},"end":{"line":335,"column":19}},"203":{"start":{"line":336,"column":4},"end":{"line":336,"column":11}},"204":{"start":{"line":338,"column":16},"end":{"line":338,"column":20}},"205":{"start":{"line":340,"column":2},"end":{"line":342,"column":5}},"206":{"start":{"line":341,"column":4},"end":{"line":341,"column":19}},"207":{"start":{"line":344,"column":21},"end":{"line":344,"column":63}},"208":{"start":{"line":345,"column":19},"end":{"line":348,"column":16}},"209":{"start":{"line":346,"column":4},"end":{"line":346,"column":23}},"210":{"start":{"line":347,"column":4},"end":{"line":347,"column":100}},"211":{"start":{"line":350,"column":28},"end":{"line":350,"column":71}},"212":{"start":{"line":351,"column":20},"end":{"line":358,"column":23}},"213":{"start":{"line":352,"column":4},"end":{"line":355,"column":5}},"214":{"start":{"line":353,"column":6},"end":{"line":353,"column":25}},"215":{"start":{"line":354,"column":6},"end":{"line":354,"column":13}},"216":{"start":{"line":356,"column":4},"end":{"line":356,"column":20}},"217":{"start":{"line":357,"column":4},"end":{"line":357,"column":18}},"218":{"start":{"line":360,"column":2},"end":{"line":363,"column":5}},"219":{"start":{"line":361,"column":4},"end":{"line":361,"column":28}},"220":{"start":{"line":362,"column":4},"end":{"line":362,"column":29}},"221":{"start":{"line":366,"column":0},"end":{"line":368,"column":3}},"222":{"start":{"line":367,"column":2},"end":{"line":367,"column":82}},"223":{"start":{"line":370,"column":13},"end":{"line":370,"column":45}},"224":{"start":{"line":371,"column":0},"end":{"line":375,"column":1}},"225":{"start":{"line":372,"column":2},"end":{"line":374,"column":5}},"226":{"start":{"line":373,"column":4},"end":{"line":373,"column":49}}},"fnMap":{"0":{"name":"(anonymous_0)","decl":{"start":{"line":15,"column":13},"end":{"line":15,"column":16}},"loc":{"start":{"line":15,"column":18},"end":{"line":18,"column":1}}},"1":{"name":"(anonymous_1)","decl":{"start":{"line":23,"column":8},"end":{"line":23,"column":9}},"loc":{"start":{"line":23,"column":27},"end":{"line":32,"column":1}}},"2":{"name":"(anonymous_2)","decl":{"start":{"line":27,"column":19},"end":{"line":27,"column":22}},"loc":{"start":{"line":27,"column":24},"end":{"line":30,"column":3}}},"3":{"name":"(anonymous_3)","decl":{"start":{"line":37,"column":19},"end":{"line":37,"column":20}},"loc":{"start":{"line":37,"column":33},"end":{"line":39,"column":1}}},"4":{"name":"(anonymous_4)","decl":{"start":{"line":41,"column":13},"end":{"line":41,"column":14}},"loc":{"start":{"line":41,"column":27},"end":{"line":48,"column":1}}},"5":{"name":"(anonymous_5)","decl":{"start":{"line":50,"column":21},"end":{"line":50,"column":22}},"loc":{"start":{"line":50,"column":35},"end":{"line":52,"column":1}}},"6":{"name":"(anonymous_6)","decl":{"start":{"line":61,"column":28},"end":{"line":61,"column":29}},"loc":{"start":{"line":61,"column":41},"end":{"line":63,"column":1}}},"7":{"name":"(anonymous_7)","decl":{"start":{"line":65,"column":29},"end":{"line":65,"column":30}},"loc":{"start":{"line":65,"column":43},"end":{"line":67,"column":1}}},"8":{"name":"(anonymous_8)","decl":{"start":{"line":69,"column":30},"end":{"line":69,"column":31}},"loc":{"start":{"line":69,"column":44},"end":{"line":71,"column":1}}},"9":{"name":"(anonymous_9)","decl":{"start":{"line":73,"column":30},"end":{"line":73,"column":31}},"loc":{"start":{"line":73,"column":44},"end":{"line":75,"column":1}}},"10":{"name":"(anonymous_10)","decl":{"start":{"line":77,"column":29},"end":{"line":77,"column":30}},"loc":{"start":{"line":77,"column":43},"end":{"line":79,"column":1}}},"11":{"name":"(anonymous_11)","decl":{"start":{"line":81,"column":28},"end":{"line":81,"column":29}},"loc":{"start":{"line":81,"column":42},"end":{"line":83,"column":1}}},"12":{"name":"(anonymous_12)","decl":{"start":{"line":85,"column":30},"end":{"line":85,"column":31}},"loc":{"start":{"line":85,"column":44},"end":{"line":87,"column":1}}},"13":{"name":"(anonymous_13)","decl":{"start":{"line":89,"column":21},"end":{"line":89,"column":22}},"loc":{"start":{"line":89,"column":34},"end":{"line":91,"column":1}}},"14":{"name":"(anonymous_14)","decl":{"start":{"line":93,"column":22},"end":{"line":93,"column":23}},"loc":{"start":{"line":93,"column":35},"end":{"line":98,"column":1}}},"15":{"name":"(anonymous_15)","decl":{"start":{"line":100,"column":25},"end":{"line":100,"column":26}},"loc":{"start":{"line":100,"column":38},"end":{"line":102,"column":1}}},"16":{"name":"(anonymous_16)","decl":{"start":{"line":104,"column":28},"end":{"line":104,"column":29}},"loc":{"start":{"line":104,"column":42},"end":{"line":106,"column":1}}},"17":{"name":"(anonymous_17)","decl":{"start":{"line":108,"column":23},"end":{"line":108,"column":24}},"loc":{"start":{"line":108,"column":37},"end":{"line":110,"column":1}}},"18":{"name":"(anonymous_18)","decl":{"start":{"line":112,"column":22},"end":{"line":112,"column":23}},"loc":{"start":{"line":112,"column":36},"end":{"line":114,"column":1}}},"19":{"name":"(anonymous_19)","decl":{"start":{"line":116,"column":28},"end":{"line":116,"column":29}},"loc":{"start":{"line":116,"column":41},"end":{"line":118,"column":1}}},"20":{"name":"(anonymous_20)","decl":{"start":{"line":120,"column":27},"end":{"line":120,"column":28}},"loc":{"start":{"line":120,"column":41},"end":{"line":122,"column":1}}},"21":{"name":"(anonymous_21)","decl":{"start":{"line":121,"column":50},"end":{"line":121,"column":51}},"loc":{"start":{"line":121,"column":61},"end":{"line":121,"column":74}}},"22":{"name":"(anonymous_22)","decl":{"start":{"line":124,"column":28},"end":{"line":124,"column":29}},"loc":{"start":{"line":124,"column":42},"end":{"line":126,"column":1}}},"23":{"name":"(anonymous_23)","decl":{"start":{"line":128,"column":21},"end":{"line":128,"column":22}},"loc":{"start":{"line":128,"column":34},"end":{"line":134,"column":1}}},"24":{"name":"(anonymous_24)","decl":{"start":{"line":131,"column":13},"end":{"line":131,"column":16}},"loc":{"start":{"line":131,"column":18},"end":{"line":133,"column":3}}},"25":{"name":"(anonymous_25)","decl":{"start":{"line":136,"column":22},"end":{"line":136,"column":23}},"loc":{"start":{"line":136,"column":35},"end":{"line":146,"column":1}}},"26":{"name":"(anonymous_26)","decl":{"start":{"line":148,"column":22},"end":{"line":148,"column":23}},"loc":{"start":{"line":148,"column":35},"end":{"line":164,"column":1}}},"27":{"name":"(anonymous_27)","decl":{"start":{"line":152,"column":46},"end":{"line":152,"column":47}},"loc":{"start":{"line":152,"column":61},"end":{"line":156,"column":4}}},"28":{"name":"(anonymous_28)","decl":{"start":{"line":157,"column":57},"end":{"line":157,"column":58}},"loc":{"start":{"line":157,"column":66},"end":{"line":157,"column":115}}},"29":{"name":"(anonymous_29)","decl":{"start":{"line":158,"column":36},"end":{"line":158,"column":37}},"loc":{"start":{"line":158,"column":45},"end":{"line":162,"column":3}}},"30":{"name":"(anonymous_30)","decl":{"start":{"line":166,"column":28},"end":{"line":166,"column":29}},"loc":{"start":{"line":166,"column":42},"end":{"line":168,"column":1}}},"31":{"name":"(anonymous_31)","decl":{"start":{"line":170,"column":28},"end":{"line":170,"column":29}},"loc":{"start":{"line":170,"column":41},"end":{"line":172,"column":1}}},"32":{"name":"(anonymous_32)","decl":{"start":{"line":174,"column":22},"end":{"line":174,"column":23}},"loc":{"start":{"line":174,"column":36},"end":{"line":176,"column":1}}},"33":{"name":"(anonymous_33)","decl":{"start":{"line":178,"column":26},"end":{"line":178,"column":27}},"loc":{"start":{"line":178,"column":40},"end":{"line":181,"column":1}}},"34":{"name":"(anonymous_34)","decl":{"start":{"line":183,"column":35},"end":{"line":183,"column":36}},"loc":{"start":{"line":183,"column":48},"end":{"line":195,"column":1}}},"35":{"name":"(anonymous_35)","decl":{"start":{"line":189,"column":16},"end":{"line":189,"column":17}},"loc":{"start":{"line":189,"column":30},"end":{"line":194,"column":3}}},"36":{"name":"(anonymous_36)","decl":{"start":{"line":197,"column":40},"end":{"line":197,"column":41}},"loc":{"start":{"line":197,"column":53},"end":{"line":203,"column":1}}},"37":{"name":"(anonymous_37)","decl":{"start":{"line":205,"column":29},"end":{"line":205,"column":30}},"loc":{"start":{"line":205,"column":42},"end":{"line":209,"column":1}}},"38":{"name":"(anonymous_38)","decl":{"start":{"line":211,"column":35},"end":{"line":211,"column":36}},"loc":{"start":{"line":211,"column":49},"end":{"line":213,"column":1}}},"39":{"name":"(anonymous_39)","decl":{"start":{"line":215,"column":36},"end":{"line":215,"column":37}},"loc":{"start":{"line":215,"column":50},"end":{"line":217,"column":1}}},"40":{"name":"(anonymous_40)","decl":{"start":{"line":219,"column":30},"end":{"line":219,"column":31}},"loc":{"start":{"line":219,"column":43},"end":{"line":221,"column":1}}},"41":{"name":"(anonymous_41)","decl":{"start":{"line":223,"column":32},"end":{"line":223,"column":33}},"loc":{"start":{"line":223,"column":46},"end":{"line":225,"column":1}}},"42":{"name":"(anonymous_42)","decl":{"start":{"line":227,"column":33},"end":{"line":227,"column":34}},"loc":{"start":{"line":227,"column":47},"end":{"line":229,"column":1}}},"43":{"name":"(anonymous_43)","decl":{"start":{"line":231,"column":33},"end":{"line":231,"column":34}},"loc":{"start":{"line":231,"column":47},"end":{"line":237,"column":1}}},"44":{"name":"(anonymous_44)","decl":{"start":{"line":239,"column":34},"end":{"line":239,"column":35}},"loc":{"start":{"line":239,"column":47},"end":{"line":246,"column":1}}},"45":{"name":"(anonymous_45)","decl":{"start":{"line":248,"column":23},"end":{"line":248,"column":24}},"loc":{"start":{"line":248,"column":37},"end":{"line":252,"column":1}}},"46":{"name":"(anonymous_46)","decl":{"start":{"line":254,"column":22},"end":{"line":254,"column":23}},"loc":{"start":{"line":254,"column":35},"end":{"line":256,"column":1}}},"47":{"name":"(anonymous_47)","decl":{"start":{"line":258,"column":24},"end":{"line":258,"column":25}},"loc":{"start":{"line":258,"column":38},"end":{"line":260,"column":1}}},"48":{"name":"(anonymous_48)","decl":{"start":{"line":262,"column":30},"end":{"line":262,"column":31}},"loc":{"start":{"line":262,"column":43},"end":{"line":271,"column":1}}},"49":{"name":"(anonymous_49)","decl":{"start":{"line":273,"column":33},"end":{"line":273,"column":34}},"loc":{"start":{"line":273,"column":46},"end":{"line":278,"column":1}}},"50":{"name":"(anonymous_50)","decl":{"start":{"line":280,"column":29},"end":{"line":280,"column":30}},"loc":{"start":{"line":280,"column":42},"end":{"line":285,"column":1}}},"51":{"name":"(anonymous_51)","decl":{"start":{"line":287,"column":22},"end":{"line":287,"column":23}},"loc":{"start":{"line":287,"column":36},"end":{"line":292,"column":1}}},"52":{"name":"(anonymous_52)","decl":{"start":{"line":294,"column":21},"end":{"line":294,"column":22}},"loc":{"start":{"line":294,"column":34},"end":{"line":299,"column":1}}},"53":{"name":"(anonymous_53)","decl":{"start":{"line":298,"column":13},"end":{"line":298,"column":16}},"loc":{"start":{"line":298,"column":19},"end":{"line":298,"column":47}}},"54":{"name":"(anonymous_54)","decl":{"start":{"line":301,"column":30},"end":{"line":301,"column":31}},"loc":{"start":{"line":301,"column":44},"end":{"line":303,"column":1}}},"55":{"name":"(anonymous_55)","decl":{"start":{"line":305,"column":23},"end":{"line":305,"column":24}},"loc":{"start":{"line":305,"column":36},"end":{"line":318,"column":1}}},"56":{"name":"(anonymous_56)","decl":{"start":{"line":310,"column":31},"end":{"line":310,"column":34}},"loc":{"start":{"line":310,"column":36},"end":{"line":317,"column":3}}},"57":{"name":"(anonymous_57)","decl":{"start":{"line":320,"column":24},"end":{"line":320,"column":25}},"loc":{"start":{"line":320,"column":38},"end":{"line":324,"column":1}}},"58":{"name":"(anonymous_58)","decl":{"start":{"line":326,"column":21},"end":{"line":326,"column":22}},"loc":{"start":{"line":326,"column":35},"end":{"line":331,"column":1}}},"59":{"name":"(anonymous_59)","decl":{"start":{"line":333,"column":21},"end":{"line":333,"column":22}},"loc":{"start":{"line":333,"column":32},"end":{"line":364,"column":1}}},"60":{"name":"(anonymous_60)","decl":{"start":{"line":340,"column":20},"end":{"line":340,"column":23}},"loc":{"start":{"line":340,"column":25},"end":{"line":342,"column":3}}},"61":{"name":"(anonymous_61)","decl":{"start":{"line":345,"column":31},"end":{"line":345,"column":34}},"loc":{"start":{"line":345,"column":36},"end":{"line":348,"column":3}}},"62":{"name":"(anonymous_62)","decl":{"start":{"line":351,"column":32},"end":{"line":351,"column":35}},"loc":{"start":{"line":351,"column":37},"end":{"line":358,"column":3}}},"63":{"name":"(anonymous_63)","decl":{"start":{"line":360,"column":21},"end":{"line":360,"column":24}},"loc":{"start":{"line":360,"column":26},"end":{"line":363,"column":3}}},"64":{"name":"(anonymous_64)","decl":{"start":{"line":366,"column":8},"end":{"line":366,"column":9}},"loc":{"start":{"line":366,"column":98},"end":{"line":368,"column":1}}},"65":{"name":"(anonymous_65)","decl":{"start":{"line":372,"column":22},"end":{"line":372,"column":25}},"loc":{"start":{"line":372,"column":27},"end":{"line":374,"column":3}}}},"branchMap":{"0":{"loc":{"start":{"line":20,"column":23},"end":{"line":20,"column":57}},"type":"binary-expr","locations":[{"start":{"line":20,"column":23},"end":{"line":20,"column":50}},{"start":{"line":20,"column":54},"end":{"line":20,"column":57}}]},"1":{"loc":{"start":{"line":62,"column":70},"end":{"line":62,"column":98}},"type":"binary-expr","locations":[{"start":{"line":62,"column":70},"end":{"line":62,"column":88}},{"start":{"line":62,"column":92},"end":{"line":62,"column":98}}]},"2":{"loc":{"start":{"line":90,"column":79},"end":{"line":90,"column":99}},"type":"binary-expr","locations":[{"start":{"line":90,"column":79},"end":{"line":90,"column":94}},{"start":{"line":90,"column":98},"end":{"line":90,"column":99}}]},"3":{"loc":{"start":{"line":94,"column":2},"end":{"line":96,"column":3}},"type":"if","locations":[{"start":{"line":94,"column":2},"end":{"line":96,"column":3}}]},"4":{"loc":{"start":{"line":129,"column":23},"end":{"line":129,"column":48}},"type":"binary-expr","locations":[{"start":{"line":129,"column":23},"end":{"line":129,"column":38}},{"start":{"line":129,"column":42},"end":{"line":129,"column":48}}]},"5":{"loc":{"start":{"line":130,"column":23},"end":{"line":130,"column":72}},"type":"binary-expr","locations":[{"start":{"line":130,"column":23},"end":{"line":130,"column":38}},{"start":{"line":130,"column":43},"end":{"line":130,"column":71}}]},"6":{"loc":{"start":{"line":130,"column":43},"end":{"line":130,"column":71}},"type":"cond-expr","locations":[{"start":{"line":130,"column":62},"end":{"line":130,"column":65}},{"start":{"line":130,"column":68},"end":{"line":130,"column":71}}]},"7":{"loc":{"start":{"line":137,"column":21},"end":{"line":137,"column":47}},"type":"binary-expr","locations":[{"start":{"line":137,"column":21},"end":{"line":137,"column":34}},{"start":{"line":137,"column":38},"end":{"line":137,"column":47}}]},"8":{"loc":{"start":{"line":140,"column":2},"end":{"line":142,"column":3}},"type":"if","locations":[{"start":{"line":140,"column":2},"end":{"line":142,"column":3}}]},"9":{"loc":{"start":{"line":140,"column":6},"end":{"line":140,"column":45}},"type":"binary-expr","locations":[{"start":{"line":140,"column":6},"end":{"line":140,"column":12}},{"start":{"line":140,"column":16},"end":{"line":140,"column":45}}]},"10":{"loc":{"start":{"line":149,"column":24},"end":{"line":149,"column":49}},"type":"binary-expr","locations":[{"start":{"line":149,"column":24},"end":{"line":149,"column":40}},{"start":{"line":149,"column":44},"end":{"line":149,"column":49}}]},"11":{"loc":{"start":{"line":150,"column":22},"end":{"line":150,"column":44}},"type":"binary-expr","locations":[{"start":{"line":150,"column":22},"end":{"line":150,"column":36}},{"start":{"line":150,"column":40},"end":{"line":150,"column":44}}]},"12":{"loc":{"start":{"line":151,"column":23},"end":{"line":151,"column":47}},"type":"binary-expr","locations":[{"start":{"line":151,"column":23},"end":{"line":151,"column":38}},{"start":{"line":151,"column":42},"end":{"line":151,"column":47}}]},"13":{"loc":{"start":{"line":155,"column":12},"end":{"line":155,"column":49}},"type":"cond-expr","locations":[{"start":{"line":155,"column":30},"end":{"line":155,"column":38}},{"start":{"line":155,"column":41},"end":{"line":155,"column":49}}]},"14":{"loc":{"start":{"line":157,"column":19},"end":{"line":157,"column":116}},"type":"cond-expr","locations":[{"start":{"line":157,"column":38},"end":{"line":157,"column":42}},{"start":{"line":157,"column":45},"end":{"line":157,"column":116}}]},"15":{"loc":{"start":{"line":159,"column":22},"end":{"line":159,"column":47}},"type":"cond-expr","locations":[{"start":{"line":159,"column":41},"end":{"line":159,"column":43}},{"start":{"line":159,"column":46},"end":{"line":159,"column":47}}]},"16":{"loc":{"start":{"line":160,"column":4},"end":{"line":160,"column":73}},"type":"if","locations":[{"start":{"line":160,"column":4},"end":{"line":160,"column":73}}]},"17":{"loc":{"start":{"line":171,"column":37},"end":{"line":171,"column":51}},"type":"binary-expr","locations":[{"start":{"line":171,"column":37},"end":{"line":171,"column":45}},{"start":{"line":171,"column":49},"end":{"line":171,"column":51}}]},"18":{"loc":{"start":{"line":179,"column":22},"end":{"line":179,"column":51}},"type":"binary-expr","locations":[{"start":{"line":179,"column":22},"end":{"line":179,"column":46}},{"start":{"line":179,"column":50},"end":{"line":179,"column":51}}]},"19":{"loc":{"start":{"line":184,"column":15},"end":{"line":184,"column":38}},"type":"binary-expr","locations":[{"start":{"line":184,"column":15},"end":{"line":184,"column":29}},{"start":{"line":184,"column":33},"end":{"line":184,"column":38}}]},"20":{"loc":{"start":{"line":185,"column":23},"end":{"line":185,"column":63}},"type":"binary-expr","locations":[{"start":{"line":185,"column":23},"end":{"line":185,"column":38}},{"start":{"line":185,"column":42},"end":{"line":185,"column":63}}]},"21":{"loc":{"start":{"line":186,"column":2},"end":{"line":188,"column":3}},"type":"if","locations":[{"start":{"line":186,"column":2},"end":{"line":188,"column":3}}]},"22":{"loc":{"start":{"line":190,"column":4},"end":{"line":192,"column":5}},"type":"if","locations":[{"start":{"line":190,"column":4},"end":{"line":192,"column":5}}]},"23":{"loc":{"start":{"line":198,"column":15},"end":{"line":198,"column":41}},"type":"binary-expr","locations":[{"start":{"line":198,"column":15},"end":{"line":198,"column":29}},{"start":{"line":198,"column":33},"end":{"line":198,"column":41}}]},"24":{"loc":{"start":{"line":199,"column":2},"end":{"line":201,"column":3}},"type":"if","locations":[{"start":{"line":199,"column":2},"end":{"line":201,"column":3}}]},"25":{"loc":{"start":{"line":206,"column":15},"end":{"line":206,"column":44}},"type":"binary-expr","locations":[{"start":{"line":206,"column":15},"end":{"line":206,"column":29}},{"start":{"line":206,"column":33},"end":{"line":206,"column":44}}]},"26":{"loc":{"start":{"line":208,"column":28},"end":{"line":208,"column":84}},"type":"cond-expr","locations":[{"start":{"line":208,"column":45},"end":{"line":208,"column":52}},{"start":{"line":208,"column":55},"end":{"line":208,"column":84}}]},"27":{"loc":{"start":{"line":220,"column":21},"end":{"line":220,"column":63}},"type":"binary-expr","locations":[{"start":{"line":220,"column":21},"end":{"line":220,"column":34}},{"start":{"line":220,"column":38},"end":{"line":220,"column":63}}]},"28":{"loc":{"start":{"line":240,"column":24},"end":{"line":240,"column":47}},"type":"binary-expr","locations":[{"start":{"line":240,"column":24},"end":{"line":240,"column":40}},{"start":{"line":240,"column":44},"end":{"line":240,"column":47}}]},"29":{"loc":{"start":{"line":242,"column":2},"end":{"line":244,"column":3}},"type":"if","locations":[{"start":{"line":242,"column":2},"end":{"line":244,"column":3}}]},"30":{"loc":{"start":{"line":255,"column":19},"end":{"line":255,"column":66}},"type":"binary-expr","locations":[{"start":{"line":255,"column":19},"end":{"line":255,"column":33}},{"start":{"line":255,"column":37},"end":{"line":255,"column":60}},{"start":{"line":255,"column":64},"end":{"line":255,"column":66}}]},"31":{"loc":{"start":{"line":263,"column":26},"end":{"line":263,"column":63}},"type":"binary-expr","locations":[{"start":{"line":263,"column":26},"end":{"line":263,"column":50}},{"start":{"line":263,"column":54},"end":{"line":263,"column":63}}]},"32":{"loc":{"start":{"line":264,"column":28},"end":{"line":264,"column":59}},"type":"binary-expr","locations":[{"start":{"line":264,"column":28},"end":{"line":264,"column":54}},{"start":{"line":264,"column":58},"end":{"line":264,"column":59}}]},"33":{"loc":{"start":{"line":265,"column":29},"end":{"line":265,"column":61}},"type":"binary-expr","locations":[{"start":{"line":265,"column":29},"end":{"line":265,"column":56}},{"start":{"line":265,"column":60},"end":{"line":265,"column":61}}]},"34":{"loc":{"start":{"line":266,"column":18},"end":{"line":266,"column":94}},"type":"binary-expr","locations":[{"start":{"line":266,"column":18},"end":{"line":266,"column":46}},{"start":{"line":266,"column":50},"end":{"line":266,"column":94}}]},"35":{"loc":{"start":{"line":274,"column":26},"end":{"line":274,"column":63}},"type":"binary-expr","locations":[{"start":{"line":274,"column":26},"end":{"line":274,"column":50}},{"start":{"line":274,"column":54},"end":{"line":274,"column":63}}]},"36":{"loc":{"start":{"line":276,"column":19},"end":{"line":276,"column":76}},"type":"binary-expr","locations":[{"start":{"line":276,"column":19},"end":{"line":276,"column":28}},{"start":{"line":276,"column":32},"end":{"line":276,"column":76}}]},"37":{"loc":{"start":{"line":281,"column":19},"end":{"line":281,"column":74}},"type":"cond-expr","locations":[{"start":{"line":281,"column":50},"end":{"line":281,"column":60}},{"start":{"line":281,"column":63},"end":{"line":281,"column":74}}]},"38":{"loc":{"start":{"line":288,"column":2},"end":{"line":290,"column":3}},"type":"if","locations":[{"start":{"line":288,"column":2},"end":{"line":290,"column":3}}]},"39":{"loc":{"start":{"line":295,"column":21},"end":{"line":295,"column":42}},"type":"binary-expr","locations":[{"start":{"line":295,"column":21},"end":{"line":295,"column":34}},{"start":{"line":295,"column":38},"end":{"line":295,"column":42}}]},"40":{"loc":{"start":{"line":296,"column":21},"end":{"line":296,"column":43}},"type":"binary-expr","locations":[{"start":{"line":296,"column":21},"end":{"line":296,"column":34}},{"start":{"line":296,"column":38},"end":{"line":296,"column":43}}]},"41":{"loc":{"start":{"line":307,"column":28},"end":{"line":307,"column":54}},"type":"binary-expr","locations":[{"start":{"line":307,"column":28},"end":{"line":307,"column":46}},{"start":{"line":307,"column":50},"end":{"line":307,"column":54}}]},"42":{"loc":{"start":{"line":308,"column":26},"end":{"line":308,"column":46}},"type":"binary-expr","locations":[{"start":{"line":308,"column":26},"end":{"line":308,"column":41}},{"start":{"line":308,"column":45},"end":{"line":308,"column":46}}]},"43":{"loc":{"start":{"line":313,"column":4},"end":{"line":316,"column":5}},"type":"if","locations":[{"start":{"line":313,"column":4},"end":{"line":316,"column":5}}]},"44":{"loc":{"start":{"line":334,"column":2},"end":{"line":337,"column":3}},"type":"if","locations":[{"start":{"line":334,"column":2},"end":{"line":337,"column":3}}]},"45":{"loc":{"start":{"line":334,"column":13},"end":{"line":334,"column":52}},"type":"binary-expr","locations":[{"start":{"line":334,"column":13},"end":{"line":334,"column":42}},{"start":{"line":334,"column":46},"end":{"line":334,"column":52}}]},"46":{"loc":{"start":{"line":344,"column":28},"end":{"line":344,"column":62}},"type":"binary-expr","locations":[{"start":{"line":344,"column":28},"end":{"line":344,"column":54}},{"start":{"line":344,"column":58},"end":{"line":344,"column":62}}]},"47":{"loc":{"start":{"line":350,"column":35},"end":{"line":350,"column":70}},"type":"binary-expr","locations":[{"start":{"line":350,"column":35},"end":{"line":350,"column":62}},{"start":{"line":350,"column":66},"end":{"line":350,"column":70}}]},"48":{"loc":{"start":{"line":352,"column":4},"end":{"line":355,"column":5}},"type":"if","locations":[{"start":{"line":352,"column":4},"end":{"line":355,"column":5}}]},"49":{"loc":{"start":{"line":370,"column":20},"end":{"line":370,"column":44}},"type":"binary-expr","locations":[{"start":{"line":370,"column":20},"end":{"line":370,"column":36}},{"start":{"line":370,"column":40},"end":{"line":370,"column":44}}]},"50":{"loc":{"start":{"line":371,"column":0},"end":{"line":375,"column":1}},"type":"if","locations":[{"start":{"line":371,"column":0},"end":{"line":375,"column":1}}]}},"s":{"0":1,"1":1,"2":1,"3":1,"4":1,"5":1,"6":1,"7":1,"8":1,"9":1,"10":1,"11":51,"12":51,"13":51,"14":51,"15":51,"16":51,"17":51,"18":1,"19":1,"20":1,"21":1,"22":1,"23":0,"24":1,"25":0,"26":1,"27":1,"28":1,"29":1,"30":1,"31":1,"32":1,"33":1,"34":1,"35":1,"36":1,"37":1,"38":1,"39":1,"40":1,"41":1,"42":1,"43":1,"44":1,"45":1,"46":0,"47":1,"48":2,"49":1,"50":1,"51":1,"52":1,"53":1,"54":1,"55":1,"56":1,"57":1,"58":1,"59":1,"60":1,"61":1,"62":1,"63":5,"64":1,"65":1,"66":1,"67":1,"68":1,"69":1,"70":1,"71":1,"72":2,"73":2,"74":2,"75":2,"76":1,"77":1,"78":1,"79":1,"80":1,"81":0,"82":0,"83":0,"84":0,"85":0,"86":0,"87":0,"88":0,"89":0,"90":0,"91":0,"92":0,"93":0,"94":1,"95":1,"96":1,"97":1,"98":1,"99":1,"100":1,"101":1,"102":1,"103":1,"104":2,"105":2,"106":2,"107":1,"108":1,"109":1,"110":0,"111":1,"112":1,"113":2,"114":2,"115":1,"116":1,"117":1,"118":1,"119":1,"120":1,"121":1,"122":1,"123":1,"124":1,"125":1,"126":1,"127":1,"128":1,"129":1,"130":1,"131":1,"132":1,"133":1,"134":1,"135":1,"136":1,"137":1,"138":2,"139":2,"140":2,"141":1,"142":1,"143":1,"144":1,"145":1,"146":1,"147":1,"148":1,"149":1,"150":1,"151":1,"152":1,"153":1,"154":1,"155":1,"156":1,"157":1,"158":1,"159":1,"160":1,"161":1,"162":1,"163":1,"164":1,"165":1,"166":1,"167":1,"168":1,"169":1,"170":1,"171":1,"172":0,"173":1,"174":1,"175":1,"176":1,"177":1,"178":1,"179":1,"180":1,"181":1,"182":1,"183":1,"184":1,"185":1,"186":1,"187":1,"188":2,"189":2,"190":2,"191":1,"192":1,"193":1,"194":1,"195":1,"196":1,"197":1,"198":1,"199":1,"200":1,"201":1,"202":0,"203":0,"204":1,"205":1,"206":0,"207":1,"208":1,"209":1,"210":1,"211":1,"212":1,"213":0,"214":0,"215":0,"216":0,"217":0,"218":1,"219":0,"220":0,"221":1,"222":0,"223":1,"224":1,"225":0,"226":0},"f":{"0":1,"1":51,"2":51,"3":1,"4":0,"5":0,"6":1,"7":1,"8":1,"9":1,"10":1,"11":1,"12":1,"13":0,"14":2,"15":1,"16":1,"17":1,"18":1,"19":1,"20":1,"21":5,"22":1,"23":1,"24":1,"25":2,"26":0,"27":0,"28":0,"29":0,"30":1,"31":1,"32":1,"33":1,"34":2,"35":1,"36":2,"37":1,"38":1,"39":1,"40":1,"41":1,"42":1,"43":1,"44":2,"45":1,"46":1,"47":1,"48":1,"49":1,"50":1,"51":1,"52":1,"53":1,"54":1,"55":1,"56":2,"57":1,"58":1,"59":1,"60":0,"61":1,"62":0,"63":0,"64":0,"65":0},"b":{"0":[1,0],"1":[1,0],"2":[0,0],"3":[1],"4":[1,0],"5":[1,0],"6":[0,0],"7":[2,0],"8":[1],"9":[2,1],"10":[0,0],"11":[0,0],"12":[0,0],"13":[0,0],"14":[0,0],"15":[0,0],"16":[0],"17":[1,0],"18":[1,0],"19":[2,0],"20":[2,0],"21":[1],"22":[0],"23":[2,0],"24":[1],"25":[1,0],"26":[1,0],"27":[1,0],"28":[2,0],"29":[1],"30":[1,0,0],"31":[1,0],"32":[1,0],"33":[1,0],"34":[1,1],"35":[1,0],"36":[1,1],"37":[1,0],"38":[0],"39":[1,0],"40":[1,0],"41":[1,0],"42":[1,0],"43":[1],"44":[0],"45":[1,0],"46":[1,0],"47":[1,0],"48":[0],"49":[1,1],"50":[0]}}
,"/Users/tomhuang/prog/LocalAutomationApp/backend/src/middlewares/deterministic.ts": {"path":"/Users/tomhuang/prog/LocalAutomationApp/backend/src/middlewares/deterministic.ts","statementMap":{"0":{"start":{"line":4,"column":19},"end":{"line":4,"column":20}},"1":{"start":{"line":7,"column":16},"end":{"line":7,"column":76}},"2":{"start":{"line":8,"column":26},"end":{"line":8,"column":92}},"3":{"start":{"line":9,"column":15},"end":{"line":9,"column":99}},"4":{"start":{"line":10,"column":18},"end":{"line":10,"column":118}},"5":{"start":{"line":11,"column":17},"end":{"line":11,"column":53}},"6":{"start":{"line":13,"column":21},"end":{"line":15,"column":58}},"7":{"start":{"line":17,"column":2},"end":{"line":19,"column":3}},"8":{"start":{"line":18,"column":4},"end":{"line":18,"column":63}},"9":{"start":{"line":18,"column":35},"end":{"line":18,"column":61}},"10":{"start":{"line":21,"column":2},"end":{"line":29,"column":3}},"11":{"start":{"line":22,"column":4},"end":{"line":28,"column":7}},"12":{"start":{"line":31,"column":2},"end":{"line":31,"column":16}}},"fnMap":{"0":{"name":"deterministicBehavior","decl":{"start":{"line":6,"column":22},"end":{"line":6,"column":43}},"loc":{"start":{"line":6,"column":91},"end":{"line":32,"column":1}}},"1":{"name":"(anonymous_1)","decl":{"start":{"line":18,"column":22},"end":{"line":18,"column":23}},"loc":{"start":{"line":18,"column":35},"end":{"line":18,"column":61}}}},"branchMap":{"0":{"loc":{"start":{"line":7,"column":23},"end":{"line":7,"column":75}},"type":"binary-expr","locations":[{"start":{"line":7,"column":23},"end":{"line":7,"column":38}},{"start":{"line":7,"column":42},"end":{"line":7,"column":70}},{"start":{"line":7,"column":74},"end":{"line":7,"column":75}}]},"1":{"loc":{"start":{"line":8,"column":33},"end":{"line":8,"column":91}},"type":"binary-expr","locations":[{"start":{"line":8,"column":33},"end":{"line":8,"column":58}},{"start":{"line":8,"column":62},"end":{"line":8,"column":86}},{"start":{"line":8,"column":90},"end":{"line":8,"column":91}}]},"2":{"loc":{"start":{"line":9,"column":68},"end":{"line":9,"column":97}},"type":"binary-expr","locations":[{"start":{"line":9,"column":68},"end":{"line":9,"column":91}},{"start":{"line":9,"column":95},"end":{"line":9,"column":97}}]},"3":{"loc":{"start":{"line":10,"column":38},"end":{"line":10,"column":117}},"type":"binary-expr","locations":[{"start":{"line":10,"column":38},"end":{"line":10,"column":65}},{"start":{"line":10,"column":70},"end":{"line":10,"column":117}}]},"4":{"loc":{"start":{"line":13,"column":21},"end":{"line":15,"column":58}},"type":"cond-expr","locations":[{"start":{"line":14,"column":6},"end":{"line":14,"column":54}},{"start":{"line":15,"column":6},"end":{"line":15,"column":58}}]},"5":{"loc":{"start":{"line":17,"column":2},"end":{"line":19,"column":3}},"type":"if","locations":[{"start":{"line":17,"column":2},"end":{"line":19,"column":3}}]},"6":{"loc":{"start":{"line":21,"column":2},"end":{"line":29,"column":3}},"type":"if","locations":[{"start":{"line":21,"column":2},"end":{"line":29,"column":3}}]}},"s":{"0":1,"1":49,"2":49,"3":49,"4":49,"5":49,"6":49,"7":49,"8":1,"9":1,"10":49,"11":2,"12":47},"f":{"0":49,"1":1},"b":{"0":[49,48,0],"1":[49,48,0],"2":[49,0],"3":[49,0],"4":[1,48],"5":[1],"6":[2]}}
,"/Users/tomhuang/prog/LocalAutomationApp/backend/src/utils/determinism.ts": {"path":"/Users/tomhuang/prog/LocalAutomationApp/backend/src/utils/determinism.ts","statementMap":{"0":{"start":{"line":2,"column":14},"end":{"line":2,"column":31}},"1":{"start":{"line":3,"column":2},"end":{"line":3,"column":38}},"2":{"start":{"line":3,"column":18},"end":{"line":3,"column":38}},"3":{"start":{"line":4,"column":2},"end":{"line":4,"column":67}},"4":{"start":{"line":4,"column":15},"end":{"line":4,"column":66}},"5":{"start":{"line":8,"column":14},"end":{"line":8,"column":29}},"6":{"start":{"line":9,"column":2},"end":{"line":9,"column":63}},"7":{"start":{"line":9,"column":40},"end":{"line":9,"column":63}},"8":{"start":{"line":10,"column":2},"end":{"line":10,"column":18}},"9":{"start":{"line":14,"column":2},"end":{"line":14,"column":26}},"10":{"start":{"line":14,"column":16},"end":{"line":14,"column":26}},"11":{"start":{"line":15,"column":2},"end":{"line":15,"column":69}},"12":{"start":{"line":15,"column":42},"end":{"line":15,"column":67}}},"fnMap":{"0":{"name":"seededRandom","decl":{"start":{"line":1,"column":16},"end":{"line":1,"column":28}},"loc":{"start":{"line":1,"column":41},"end":{"line":5,"column":1}}},"1":{"name":"(anonymous_1)","decl":{"start":{"line":4,"column":9},"end":{"line":4,"column":12}},"loc":{"start":{"line":4,"column":15},"end":{"line":4,"column":66}}},"2":{"name":"getSeed","decl":{"start":{"line":7,"column":16},"end":{"line":7,"column":23}},"loc":{"start":{"line":7,"column":55},"end":{"line":11,"column":1}}},"3":{"name":"parseFailurePattern","decl":{"start":{"line":13,"column":16},"end":{"line":13,"column":35}},"loc":{"start":{"line":13,"column":52},"end":{"line":16,"column":1}}},"4":{"name":"(anonymous_4)","decl":{"start":{"line":15,"column":32},"end":{"line":15,"column":33}},"loc":{"start":{"line":15,"column":42},"end":{"line":15,"column":67}}}},"branchMap":{"0":{"loc":{"start":{"line":3,"column":2},"end":{"line":3,"column":38}},"type":"if","locations":[{"start":{"line":3,"column":2},"end":{"line":3,"column":38}}]},"1":{"loc":{"start":{"line":7,"column":42},"end":{"line":7,"column":55}},"type":"default-arg","locations":[{"start":{"line":7,"column":53},"end":{"line":7,"column":55}}]},"2":{"loc":{"start":{"line":9,"column":2},"end":{"line":9,"column":63}},"type":"if","locations":[{"start":{"line":9,"column":2},"end":{"line":9,"column":63}}]},"3":{"loc":{"start":{"line":9,"column":6},"end":{"line":9,"column":38}},"type":"binary-expr","locations":[{"start":{"line":9,"column":6},"end":{"line":9,"column":26}},{"start":{"line":9,"column":30},"end":{"line":9,"column":38}}]},"4":{"loc":{"start":{"line":14,"column":2},"end":{"line":14,"column":26}},"type":"if","locations":[{"start":{"line":14,"column":2},"end":{"line":14,"column":26}}]}},"s":{"0":49,"1":49,"2":0,"3":49,"4":48,"5":49,"6":49,"7":0,"8":49,"9":49,"10":48,"11":1,"12":1},"f":{"0":49,"1":48,"2":49,"3":49,"4":1},"b":{"0":[0],"1":[0],"2":[0],"3":[49,0],"4":[48]}}
}
