TN:
SF:src/index.ts
FN:15,(anonymous_0)
FN:23,(anonymous_1)
FN:27,(anonymous_2)
FN:37,(anonymous_3)
FN:41,(anonymous_4)
FN:50,(anonymous_5)
FN:61,(anonymous_6)
FN:65,(anonymous_7)
FN:69,(anonymous_8)
FN:73,(anonymous_9)
FN:77,(anonymous_10)
FN:81,(anonymous_11)
FN:85,(anonymous_12)
FN:89,(anonymous_13)
FN:93,(anonymous_14)
FN:100,(anonymous_15)
FN:104,(anonymous_16)
FN:108,(anonymous_17)
FN:112,(anonymous_18)
FN:116,(anonymous_19)
FN:120,(anonymous_20)
FN:121,(anonymous_21)
FN:124,(anonymous_22)
FN:128,(anonymous_23)
FN:131,(anonymous_24)
FN:136,(anonymous_25)
FN:148,(anonymous_26)
FN:152,(anonymous_27)
FN:157,(anonymous_28)
FN:158,(anonymous_29)
FN:166,(anonymous_30)
FN:170,(anonymous_31)
FN:174,(anonymous_32)
FN:178,(anonymous_33)
FN:183,(anonymous_34)
FN:189,(anonymous_35)
FN:197,(anonymous_36)
FN:205,(anonymous_37)
FN:211,(anonymous_38)
FN:215,(anonymous_39)
FN:219,(anonymous_40)
FN:223,(anonymous_41)
FN:227,(anonymous_42)
FN:231,(anonymous_43)
FN:239,(anonymous_44)
FN:248,(anonymous_45)
FN:254,(anonymous_46)
FN:258,(anonymous_47)
FN:262,(anonymous_48)
FN:273,(anonymous_49)
FN:280,(anonymous_50)
FN:287,(anonymous_51)
FN:294,(anonymous_52)
FN:298,(anonymous_53)
FN:301,(anonymous_54)
FN:305,(anonymous_55)
FN:310,(anonymous_56)
FN:320,(anonymous_57)
FN:326,(anonymous_58)
FN:333,(anonymous_59)
FN:340,(anonymous_60)
FN:345,(anonymous_61)
FN:351,(anonymous_62)
FN:360,(anonymous_63)
FN:366,(anonymous_64)
FN:372,(anonymous_65)
FNF:66
FNH:54
FNDA:1,(anonymous_0)
FNDA:51,(anonymous_1)
FNDA:51,(anonymous_2)
FNDA:1,(anonymous_3)
FNDA:0,(anonymous_4)
FNDA:0,(anonymous_5)
FNDA:1,(anonymous_6)
FNDA:1,(anonymous_7)
FNDA:1,(anonymous_8)
FNDA:1,(anonymous_9)
FNDA:1,(anonymous_10)
FNDA:1,(anonymous_11)
FNDA:1,(anonymous_12)
FNDA:0,(anonymous_13)
FNDA:2,(anonymous_14)
FNDA:1,(anonymous_15)
FNDA:1,(anonymous_16)
FNDA:1,(anonymous_17)
FNDA:1,(anonymous_18)
FNDA:1,(anonymous_19)
FNDA:1,(anonymous_20)
FNDA:5,(anonymous_21)
FNDA:1,(anonymous_22)
FNDA:1,(anonymous_23)
FNDA:1,(anonymous_24)
FNDA:2,(anonymous_25)
FNDA:0,(anonymous_26)
FNDA:0,(anonymous_27)
FNDA:0,(anonymous_28)
FNDA:0,(anonymous_29)
FNDA:1,(anonymous_30)
FNDA:1,(anonymous_31)
FNDA:1,(anonymous_32)
FNDA:1,(anonymous_33)
FNDA:2,(anonymous_34)
FNDA:1,(anonymous_35)
FNDA:2,(anonymous_36)
FNDA:1,(anonymous_37)
FNDA:1,(anonymous_38)
FNDA:1,(anonymous_39)
FNDA:1,(anonymous_40)
FNDA:1,(anonymous_41)
FNDA:1,(anonymous_42)
FNDA:1,(anonymous_43)
FNDA:2,(anonymous_44)
FNDA:1,(anonymous_45)
FNDA:1,(anonymous_46)
FNDA:1,(anonymous_47)
FNDA:1,(anonymous_48)
FNDA:1,(anonymous_49)
FNDA:1,(anonymous_50)
FNDA:1,(anonymous_51)
FNDA:1,(anonymous_52)
FNDA:1,(anonymous_53)
FNDA:1,(anonymous_54)
FNDA:1,(anonymous_55)
FNDA:2,(anonymous_56)
FNDA:1,(anonymous_57)
FNDA:1,(anonymous_58)
FNDA:1,(anonymous_59)
FNDA:0,(anonymous_60)
FNDA:1,(anonymous_61)
FNDA:0,(anonymous_62)
FNDA:0,(anonymous_63)
FNDA:0,(anonymous_64)
FNDA:0,(anonymous_65)
DA:10,1
DA:11,1
DA:12,1
DA:14,1
DA:15,1
DA:16,1
DA:17,1
DA:20,1
DA:21,1
DA:22,1
DA:23,1
DA:24,51
DA:25,51
DA:26,51
DA:27,51
DA:28,51
DA:29,51
DA:31,51
DA:34,1
DA:35,1
DA:37,1
DA:38,1
DA:41,1
DA:42,0
DA:50,1
DA:51,0
DA:54,1
DA:56,1
DA:57,1
DA:58,1
DA:59,1
DA:61,1
DA:62,1
DA:65,1
DA:66,1
DA:69,1
DA:70,1
DA:73,1
DA:74,1
DA:77,1
DA:78,1
DA:81,1
DA:82,1
DA:85,1
DA:86,1
DA:89,1
DA:90,0
DA:93,1
DA:94,2
DA:95,1
DA:97,1
DA:100,1
DA:101,1
DA:104,1
DA:105,1
DA:108,1
DA:109,1
DA:112,1
DA:113,1
DA:116,1
DA:117,1
DA:120,1
DA:121,5
DA:124,1
DA:125,1
DA:128,1
DA:129,1
DA:130,1
DA:131,1
DA:132,1
DA:136,1
DA:137,2
DA:138,2
DA:139,2
DA:140,2
DA:141,1
DA:143,1
DA:144,1
DA:145,1
DA:148,1
DA:149,0
DA:150,0
DA:151,0
DA:152,0
DA:157,0
DA:158,0
DA:159,0
DA:160,0
DA:161,0
DA:163,0
DA:166,1
DA:167,1
DA:170,1
DA:171,1
DA:174,1
DA:175,1
DA:178,1
DA:179,1
DA:180,1
DA:183,1
DA:184,2
DA:185,2
DA:186,2
DA:187,1
DA:189,1
DA:190,1
DA:191,0
DA:193,1
DA:197,1
DA:198,2
DA:199,2
DA:200,1
DA:202,1
DA:205,1
DA:206,1
DA:207,1
DA:208,1
DA:211,1
DA:212,1
DA:215,1
DA:216,1
DA:219,1
DA:220,1
DA:223,1
DA:224,1
DA:227,1
DA:228,1
DA:231,1
DA:232,1
DA:233,1
DA:234,1
DA:235,1
DA:236,1
DA:239,1
DA:240,2
DA:241,2
DA:242,2
DA:243,1
DA:245,1
DA:248,1
DA:249,1
DA:250,1
DA:251,1
DA:254,1
DA:255,1
DA:258,1
DA:259,1
DA:262,1
DA:263,1
DA:264,1
DA:265,1
DA:266,1
DA:267,1
DA:268,1
DA:269,1
DA:270,1
DA:273,1
DA:274,1
DA:275,1
DA:276,1
DA:277,1
DA:280,1
DA:281,1
DA:282,1
DA:283,1
DA:284,1
DA:287,1
DA:288,1
DA:289,0
DA:291,1
DA:294,1
DA:295,1
DA:296,1
DA:297,1
DA:298,1
DA:301,1
DA:302,1
DA:305,1
DA:306,1
DA:307,1
DA:308,1
DA:309,1
DA:310,1
DA:311,2
DA:312,2
DA:313,2
DA:314,1
DA:315,1
DA:320,1
DA:321,1
DA:322,1
DA:323,1
DA:326,1
DA:327,1
DA:328,1
DA:333,1
DA:334,1
DA:335,0
DA:336,0
DA:338,1
DA:340,1
DA:341,0
DA:344,1
DA:345,1
DA:346,1
DA:347,1
DA:350,1
DA:351,1
DA:352,0
DA:353,0
DA:354,0
DA:356,0
DA:357,0
DA:360,1
DA:361,0
DA:362,0
DA:366,1
DA:367,0
DA:370,1
DA:371,1
DA:372,0
DA:373,0
LF:222
LH:194
BRDA:20,0,0,1
BRDA:20,0,1,0
BRDA:62,1,0,1
BRDA:62,1,1,0
BRDA:90,2,0,0
BRDA:90,2,1,0
BRDA:94,3,0,1
BRDA:129,4,0,1
BRDA:129,4,1,0
BRDA:130,5,0,1
BRDA:130,5,1,0
BRDA:130,6,0,0
BRDA:130,6,1,0
BRDA:137,7,0,2
BRDA:137,7,1,0
BRDA:140,8,0,1
BRDA:140,9,0,2
BRDA:140,9,1,1
BRDA:149,10,0,0
BRDA:149,10,1,0
BRDA:150,11,0,0
BRDA:150,11,1,0
BRDA:151,12,0,0
BRDA:151,12,1,0
BRDA:155,13,0,0
BRDA:155,13,1,0
BRDA:157,14,0,0
BRDA:157,14,1,0
BRDA:159,15,0,0
BRDA:159,15,1,0
BRDA:160,16,0,0
BRDA:171,17,0,1
BRDA:171,17,1,0
BRDA:179,18,0,1
BRDA:179,18,1,0
BRDA:184,19,0,2
BRDA:184,19,1,0
BRDA:185,20,0,2
BRDA:185,20,1,0
BRDA:186,21,0,1
BRDA:190,22,0,0
BRDA:198,23,0,2
BRDA:198,23,1,0
BRDA:199,24,0,1
BRDA:206,25,0,1
BRDA:206,25,1,0
BRDA:208,26,0,1
BRDA:208,26,1,0
BRDA:220,27,0,1
BRDA:220,27,1,0
BRDA:240,28,0,2
BRDA:240,28,1,0
BRDA:242,29,0,1
BRDA:255,30,0,1
BRDA:255,30,1,0
BRDA:255,30,2,0
BRDA:263,31,0,1
BRDA:263,31,1,0
BRDA:264,32,0,1
BRDA:264,32,1,0
BRDA:265,33,0,1
BRDA:265,33,1,0
BRDA:266,34,0,1
BRDA:266,34,1,1
BRDA:274,35,0,1
BRDA:274,35,1,0
BRDA:276,36,0,1
BRDA:276,36,1,1
BRDA:281,37,0,1
BRDA:281,37,1,0
BRDA:288,38,0,0
BRDA:295,39,0,1
BRDA:295,39,1,0
BRDA:296,40,0,1
BRDA:296,40,1,0
BRDA:307,41,0,1
BRDA:307,41,1,0
BRDA:308,42,0,1
BRDA:308,42,1,0
BRDA:313,43,0,1
BRDA:334,44,0,0
BRDA:334,45,0,1
BRDA:334,45,1,0
BRDA:344,46,0,1
BRDA:344,46,1,0
BRDA:350,47,0,1
BRDA:350,47,1,0
BRDA:352,48,0,0
BRDA:370,49,0,1
BRDA:370,49,1,1
BRDA:371,50,0,0
BRF:91
BRH:41
end_of_record
TN:
SF:src/middlewares/deterministic.ts
FN:6,deterministicBehavior
FN:18,(anonymous_1)
FNF:2
FNH:2
FNDA:49,deterministicBehavior
FNDA:1,(anonymous_1)
DA:4,1
DA:7,49
DA:8,49
DA:9,49
DA:10,49
DA:11,49
DA:13,49
DA:17,49
DA:18,1
DA:21,49
DA:22,2
DA:31,47
LF:12
LH:12
BRDA:7,0,0,49
BRDA:7,0,1,48
BRDA:7,0,2,0
BRDA:8,1,0,49
BRDA:8,1,1,48
BRDA:8,1,2,0
BRDA:9,2,0,49
BRDA:9,2,1,0
BRDA:10,3,0,49
BRDA:10,3,1,0
BRDA:13,4,0,1
BRDA:13,4,1,48
BRDA:17,5,0,1
BRDA:21,6,0,2
BRF:14
BRH:10
end_of_record
TN:
SF:src/utils/determinism.ts
FN:1,seededRandom
FN:4,(anonymous_1)
FN:7,getSeed
FN:13,parseFailurePattern
FN:15,(anonymous_4)
FNF:5
FNH:5
FNDA:49,seededRandom
FNDA:48,(anonymous_1)
FNDA:49,getSeed
FNDA:49,parseFailurePattern
FNDA:1,(anonymous_4)
DA:2,49
DA:3,49
DA:4,49
DA:8,49
DA:9,49
DA:10,49
DA:14,49
DA:15,1
LF:8
LH:8
BRDA:3,0,0,0
BRDA:7,1,0,0
BRDA:9,2,0,0
BRDA:9,3,0,49
BRDA:9,3,1,0
BRDA:14,4,0,48
BRF:6
BRH:2
end_of_record
